<?xml version="1.0" encoding="UTF-8"?>
<!-- Generated by org.testng.reporters.JUnitXMLReporter -->
<testsuite hostname="EN-ImranKs" name="Test" tests="1" failures="0" timestamp="22 Dec 2016 10:27:36 GMT" time="0.026" errors="0">
  <testcase name="@BeforeClass setup" time="0.0" classname="testscripts.TC001_TestLogin">
    <failure type="java.lang.NullPointerException">
      <![CDATA[java.lang.NullPointerException
	at java.util.Properties$LineReader.readLine(Properties.java:434)
	at java.util.Properties.load0(Properties.java:353)
	at java.util.Properties.load(Properties.java:341)
	at testBase.TestBase.loadPropertiesFile(TestBase.java:27)
	at testBase.TestBase.init(TestBase.java:20)
	at testscripts.TC001_TestLogin.setup(TC001_TestLogin.java:17)
... Removed 24 stack frames]]>
    </failure>
  </testcase> <!-- @BeforeClass setup -->
  <testcase name="testLogin" time="0.001" classname="testscripts.TC001_TestLogin">
    <skipped/>
  </testcase> <!-- testLogin -->
</testsuite> <!-- Test -->
